<?xml version="1.0" encoding="UTF-8"?>
<testng-results ignored="0" total="1" passed="1" failed="0" skipped="0">
  <reporter-output>
  </reporter-output>
  <suite started-at="2024-10-30T23:12:18 IST" name="Default suite" finished-at="2024-10-30T23:12:18 IST" duration-ms="46">
    <groups>
    </groups>
    <test started-at="2024-10-30T23:12:18 IST" name="Default test" finished-at="2024-10-30T23:12:18 IST" duration-ms="46">
      <class name="run.two">
        <test-method signature="run2()[pri:0, instance:run.two@193f604a]" started-at="2024-10-30T23:12:18 IST" name="run2" finished-at="2024-10-30T23:12:18 IST" duration-ms="8" status="PASS">
          <reporter-output>
          </reporter-output>
        </test-method> <!-- run2 -->
      </class> <!-- run.two -->
    </test> <!-- Default test -->
  </suite> <!-- Default suite -->
</testng-results>
